This file contains any messages produced by compilers while
running configure, to aid debugging if configure makes a mistake.

It was created by TreeMix configure 1.13, which was
generated by GNU Autoconf 2.69.  Invocation command line was

  $ ./configure 

## --------- ##
## Platform. ##
## --------- ##

hostname = MPLCLTLP0237
uname -m = x86_64
uname -r = 6.8.0-48-generic
uname -s = Linux
uname -v = #48~22.04.1-Ubuntu SMP PREEMPT_DYNAMIC Mon Oct  7 11:24:13 UTC 2

/usr/bin/uname -p = x86_64
/bin/uname -X     = unknown

/bin/arch              = x86_64
/usr/bin/arch -k       = unknown
/usr/convex/getsysinfo = unknown
/usr/bin/hostinfo      = unknown
/bin/machine           = unknown
/usr/bin/oslevel       = unknown
/bin/universe          = unknown

PATH: /usr/local/go/bin
PATH: /home/yannbourgeois/mambaforge/bin
PATH: /home/yannbourgeois/mambaforge/condabin
PATH: /home/yannbourgeois/.cargo/bin
PATH: /home/yannbourgeois/.local/bin
PATH: /usr/local/sbin
PATH: /usr/local/bin
PATH: /usr/sbin
PATH: /usr/bin
PATH: /sbin
PATH: /bin
PATH: /usr/games
PATH: /usr/local/games
PATH: /snap/bin
PATH: /home/yannbourgeois/go/bin


## ----------- ##
## Core tests. ##
## ----------- ##

configure:2011: checking for C++ compiler version
configure:2020: /home/yannbourgeois/mambaforge/bin/x86_64-conda-linux-gnu-c++ --version >&5
x86_64-conda-linux-gnu-c++ (conda-forge gcc 13.2.0-2) 13.2.0
Copyright (C) 2023 Free Software Foundation, Inc.
This is free software; see the source for copying conditions.  There is NO
warranty; not even for MERCHANTABILITY or FITNESS FOR A PARTICULAR PURPOSE.

configure:2031: $? = 0
configure:2020: /home/yannbourgeois/mambaforge/bin/x86_64-conda-linux-gnu-c++ -v >&5
Reading specs from /home/yannbourgeois/mambaforge/bin/../lib/gcc/x86_64-conda-linux-gnu/13.2.0/specs
could not find specs file conda.specs
COLLECT_GCC=/home/yannbourgeois/mambaforge/bin/x86_64-conda-linux-gnu-c++
COLLECT_LTO_WRAPPER=/home/yannbourgeois/mambaforge/bin/../libexec/gcc/x86_64-conda-linux-gnu/13.2.0/lto-wrapper
Target: x86_64-conda-linux-gnu
Configured with: ../configure --prefix=/home/conda/feedstock_root/build_artifacts/gcc_compilers_1695216566116/_h_env_placehold_placehold_placehold_placehold_placehold_placehold_placehold_placehold_placehold_placehold_placehold_placehold_placehold_placehold_placehold_placehold_placehold_placeho --with-slibdir=/home/conda/feedstock_root/build_artifacts/gcc_compilers_1695216566116/_h_env_placehold_placehold_placehold_placehold_placehold_placehold_placehold_placehold_placehold_placehold_placehold_placehold_placehold_placehold_placehold_placehold_placehold_placeho/lib --libdir=/home/conda/feedstock_root/build_artifacts/gcc_compilers_1695216566116/_h_env_placehold_placehold_placehold_placehold_placehold_placehold_placehold_placehold_placehold_placehold_placehold_placehold_placehold_placehold_placehold_placehold_placehold_placeho/lib --mandir=/home/conda/feedstock_root/build_artifacts/gcc_compilers_1695216566116/_h_env_placehold_placehold_placehold_placehold_placehold_placehold_placehold_placehold_placehold_placehold_placehold_placehold_placehold_placehold_placehold_placehold_placehold_placeho/man --build=x86_64-conda-linux-gnu --host=x86_64-conda-linux-gnu --target=x86_64-conda-linux-gnu --enable-default-pie --enable-languages=c,c++,fortran,objc,obj-c++ --enable-__cxa_atexit --disable-libmudflap --enable-libgomp --disable-libssp --enable-libquadmath --enable-libquadmath-support --enable-libsanitizer --enable-lto --enable-threads=posix --enable-target-optspace --enable-plugin --enable-gold --disable-nls --disable-bootstrap --disable-multilib --enable-long-long --with-sysroot=/home/conda/feedstock_root/build_artifacts/gcc_compilers_1695216566116/_h_env_placehold_placehold_placehold_placehold_placehold_placehold_placehold_placehold_placehold_placehold_placehold_placehold_placehold_placehold_placehold_placehold_placehold_placeho/x86_64-conda-linux-gnu/sysroot --with-build-sysroot=/home/conda/feedstock_root/build_artifacts/gcc_compilers_1695216566116/_build_env/x86_64-conda-linux-gnu/sysroot --with-gxx-include-dir=/home/conda/feedstock_root/build_artifacts/gcc_compilers_1695216566116/_h_env_placehold_placehold_placehold_placehold_placehold_placehold_placehold_placehold_placehold_placehold_placehold_placehold_placehold_placehold_placehold_placehold_placehold_placeho/x86_64-conda-linux-gnu/include/c++/13.2.0 --with-pkgversion='conda-forge gcc 13.2.0-2' --with-bugurl=https://github.com/conda-forge/ctng-compilers-feedstock/issues/new/choose
Thread model: posix
Supported LTO compression algorithms: zlib
gcc version 13.2.0 (conda-forge gcc 13.2.0-2) 
configure:2031: $? = 0
configure:2020: /home/yannbourgeois/mambaforge/bin/x86_64-conda-linux-gnu-c++ -V >&5
x86_64-conda-linux-gnu-c++: error: unrecognized command-line option '-V'
x86_64-conda-linux-gnu-c++: fatal error: no input files
compilation terminated.
configure:2031: $? = 1
configure:2020: /home/yannbourgeois/mambaforge/bin/x86_64-conda-linux-gnu-c++ -qversion >&5
x86_64-conda-linux-gnu-c++: error: unrecognized command-line option '-qversion'; did you mean '--version'?
x86_64-conda-linux-gnu-c++: fatal error: no input files
compilation terminated.
configure:2031: $? = 1
configure:2051: checking whether the C++ compiler works
configure:2073: /home/yannbourgeois/mambaforge/bin/x86_64-conda-linux-gnu-c++ -fvisibility-inlines-hidden -fmessage-length=0 -march=nocona -mtune=haswell -ftree-vectorize -fPIC -fstack-protector-strong -fno-plt -O2 -ffunction-sections -pipe -isystem /home/yannbourgeois/mambaforge/include -DNDEBUG -D_FORTIFY_SOURCE=2 -O2 -isystem /home/yannbourgeois/mambaforge/include -Wl,-O2 -Wl,--sort-common -Wl,--as-needed -Wl,-z,relro -Wl,-z,now -Wl,--disable-new-dtags -Wl,--gc-sections -Wl,--allow-shlib-undefined -Wl,-rpath,/home/yannbourgeois/mambaforge/lib -Wl,-rpath-link,/home/yannbourgeois/mambaforge/lib -L/home/yannbourgeois/mambaforge/lib conftest.cpp  >&5
configure:2077: $? = 0
configure:2125: result: yes
configure:2128: checking for C++ compiler default output file name
configure:2130: result: a.out
configure:2136: checking for suffix of executables
configure:2143: /home/yannbourgeois/mambaforge/bin/x86_64-conda-linux-gnu-c++ -o conftest -fvisibility-inlines-hidden -fmessage-length=0 -march=nocona -mtune=haswell -ftree-vectorize -fPIC -fstack-protector-strong -fno-plt -O2 -ffunction-sections -pipe -isystem /home/yannbourgeois/mambaforge/include -DNDEBUG -D_FORTIFY_SOURCE=2 -O2 -isystem /home/yannbourgeois/mambaforge/include -Wl,-O2 -Wl,--sort-common -Wl,--as-needed -Wl,-z,relro -Wl,-z,now -Wl,--disable-new-dtags -Wl,--gc-sections -Wl,--allow-shlib-undefined -Wl,-rpath,/home/yannbourgeois/mambaforge/lib -Wl,-rpath-link,/home/yannbourgeois/mambaforge/lib -L/home/yannbourgeois/mambaforge/lib conftest.cpp  >&5
configure:2147: $? = 0
configure:2169: result: 
configure:2191: checking whether we are cross compiling
configure:2199: /home/yannbourgeois/mambaforge/bin/x86_64-conda-linux-gnu-c++ -o conftest -fvisibility-inlines-hidden -fmessage-length=0 -march=nocona -mtune=haswell -ftree-vectorize -fPIC -fstack-protector-strong -fno-plt -O2 -ffunction-sections -pipe -isystem /home/yannbourgeois/mambaforge/include -DNDEBUG -D_FORTIFY_SOURCE=2 -O2 -isystem /home/yannbourgeois/mambaforge/include -Wl,-O2 -Wl,--sort-common -Wl,--as-needed -Wl,-z,relro -Wl,-z,now -Wl,--disable-new-dtags -Wl,--gc-sections -Wl,--allow-shlib-undefined -Wl,-rpath,/home/yannbourgeois/mambaforge/lib -Wl,-rpath-link,/home/yannbourgeois/mambaforge/lib -L/home/yannbourgeois/mambaforge/lib conftest.cpp  >&5
configure:2203: $? = 0
configure:2210: ./conftest
configure:2214: $? = 0
configure:2229: result: no
configure:2234: checking for suffix of object files
configure:2256: /home/yannbourgeois/mambaforge/bin/x86_64-conda-linux-gnu-c++ -c -fvisibility-inlines-hidden -fmessage-length=0 -march=nocona -mtune=haswell -ftree-vectorize -fPIC -fstack-protector-strong -fno-plt -O2 -ffunction-sections -pipe -isystem /home/yannbourgeois/mambaforge/include -DNDEBUG -D_FORTIFY_SOURCE=2 -O2 -isystem /home/yannbourgeois/mambaforge/include conftest.cpp >&5
configure:2260: $? = 0
configure:2281: result: o
configure:2285: checking whether we are using the GNU C++ compiler
configure:2304: /home/yannbourgeois/mambaforge/bin/x86_64-conda-linux-gnu-c++ -c -fvisibility-inlines-hidden -fmessage-length=0 -march=nocona -mtune=haswell -ftree-vectorize -fPIC -fstack-protector-strong -fno-plt -O2 -ffunction-sections -pipe -isystem /home/yannbourgeois/mambaforge/include -DNDEBUG -D_FORTIFY_SOURCE=2 -O2 -isystem /home/yannbourgeois/mambaforge/include conftest.cpp >&5
configure:2304: $? = 0
configure:2313: result: yes
configure:2322: checking whether /home/yannbourgeois/mambaforge/bin/x86_64-conda-linux-gnu-c++ accepts -g
configure:2342: /home/yannbourgeois/mambaforge/bin/x86_64-conda-linux-gnu-c++ -c -g -DNDEBUG -D_FORTIFY_SOURCE=2 -O2 -isystem /home/yannbourgeois/mambaforge/include conftest.cpp >&5
configure:2342: $? = 0
configure:2383: result: yes
configure:2451: checking for a BSD-compatible install
configure:2519: result: /usr/bin/install -c
configure:2530: checking whether build environment is sane
configure:2585: result: yes
configure:2623: WARNING: 'missing' script is too old or missing
configure:2736: checking for a thread-safe mkdir -p
configure:2775: result: /usr/bin/mkdir -p
configure:2782: checking for gawk
configure:2798: found /usr/bin/gawk
configure:2809: result: gawk
configure:2820: checking whether make sets $(MAKE)
configure:2842: result: yes
configure:2872: checking for style of include used by make
configure:2900: result: GNU
configure:2934: checking whether make supports nested variables
configure:2951: result: yes
configure:3036: checking dependency style of /home/yannbourgeois/mambaforge/bin/x86_64-conda-linux-gnu-c++
configure:3147: result: gcc3
configure:3215: checking for x86_64-conda-linux-gnu-gcc
configure:3242: result: /home/yannbourgeois/mambaforge/bin/x86_64-conda-linux-gnu-cc
configure:3511: checking for C compiler version
configure:3520: /home/yannbourgeois/mambaforge/bin/x86_64-conda-linux-gnu-cc --version >&5
x86_64-conda-linux-gnu-cc (conda-forge gcc 13.2.0-2) 13.2.0
Copyright (C) 2023 Free Software Foundation, Inc.
This is free software; see the source for copying conditions.  There is NO
warranty; not even for MERCHANTABILITY or FITNESS FOR A PARTICULAR PURPOSE.

configure:3531: $? = 0
configure:3520: /home/yannbourgeois/mambaforge/bin/x86_64-conda-linux-gnu-cc -v >&5
Reading specs from /home/yannbourgeois/mambaforge/bin/../lib/gcc/x86_64-conda-linux-gnu/13.2.0/specs
could not find specs file conda.specs
COLLECT_GCC=/home/yannbourgeois/mambaforge/bin/x86_64-conda-linux-gnu-cc
COLLECT_LTO_WRAPPER=/home/yannbourgeois/mambaforge/bin/../libexec/gcc/x86_64-conda-linux-gnu/13.2.0/lto-wrapper
Target: x86_64-conda-linux-gnu
Configured with: ../configure --prefix=/home/conda/feedstock_root/build_artifacts/gcc_compilers_1695216566116/_h_env_placehold_placehold_placehold_placehold_placehold_placehold_placehold_placehold_placehold_placehold_placehold_placehold_placehold_placehold_placehold_placehold_placehold_placeho --with-slibdir=/home/conda/feedstock_root/build_artifacts/gcc_compilers_1695216566116/_h_env_placehold_placehold_placehold_placehold_placehold_placehold_placehold_placehold_placehold_placehold_placehold_placehold_placehold_placehold_placehold_placehold_placehold_placeho/lib --libdir=/home/conda/feedstock_root/build_artifacts/gcc_compilers_1695216566116/_h_env_placehold_placehold_placehold_placehold_placehold_placehold_placehold_placehold_placehold_placehold_placehold_placehold_placehold_placehold_placehold_placehold_placehold_placeho/lib --mandir=/home/conda/feedstock_root/build_artifacts/gcc_compilers_1695216566116/_h_env_placehold_placehold_placehold_placehold_placehold_placehold_placehold_placehold_placehold_placehold_placehold_placehold_placehold_placehold_placehold_placehold_placehold_placeho/man --build=x86_64-conda-linux-gnu --host=x86_64-conda-linux-gnu --target=x86_64-conda-linux-gnu --enable-default-pie --enable-languages=c,c++,fortran,objc,obj-c++ --enable-__cxa_atexit --disable-libmudflap --enable-libgomp --disable-libssp --enable-libquadmath --enable-libquadmath-support --enable-libsanitizer --enable-lto --enable-threads=posix --enable-target-optspace --enable-plugin --enable-gold --disable-nls --disable-bootstrap --disable-multilib --enable-long-long --with-sysroot=/home/conda/feedstock_root/build_artifacts/gcc_compilers_1695216566116/_h_env_placehold_placehold_placehold_placehold_placehold_placehold_placehold_placehold_placehold_placehold_placehold_placehold_placehold_placehold_placehold_placehold_placehold_placeho/x86_64-conda-linux-gnu/sysroot --with-build-sysroot=/home/conda/feedstock_root/build_artifacts/gcc_compilers_1695216566116/_build_env/x86_64-conda-linux-gnu/sysroot --with-gxx-include-dir=/home/conda/feedstock_root/build_artifacts/gcc_compilers_1695216566116/_h_env_placehold_placehold_placehold_placehold_placehold_placehold_placehold_placehold_placehold_placehold_placehold_placehold_placehold_placehold_placehold_placehold_placehold_placeho/x86_64-conda-linux-gnu/include/c++/13.2.0 --with-pkgversion='conda-forge gcc 13.2.0-2' --with-bugurl=https://github.com/conda-forge/ctng-compilers-feedstock/issues/new/choose
Thread model: posix
Supported LTO compression algorithms: zlib
gcc version 13.2.0 (conda-forge gcc 13.2.0-2) 
configure:3531: $? = 0
configure:3520: /home/yannbourgeois/mambaforge/bin/x86_64-conda-linux-gnu-cc -V >&5
x86_64-conda-linux-gnu-cc: error: unrecognized command-line option '-V'
x86_64-conda-linux-gnu-cc: fatal error: no input files
compilation terminated.
configure:3531: $? = 1
configure:3520: /home/yannbourgeois/mambaforge/bin/x86_64-conda-linux-gnu-cc -qversion >&5
x86_64-conda-linux-gnu-cc: error: unrecognized command-line option '-qversion'; did you mean '--version'?
x86_64-conda-linux-gnu-cc: fatal error: no input files
compilation terminated.
configure:3531: $? = 1
configure:3535: checking whether we are using the GNU C compiler
configure:3554: /home/yannbourgeois/mambaforge/bin/x86_64-conda-linux-gnu-cc -c -march=nocona -mtune=haswell -ftree-vectorize -fPIC -fstack-protector-strong -fno-plt -O2 -ffunction-sections -pipe -isystem /home/yannbourgeois/mambaforge/include -DNDEBUG -D_FORTIFY_SOURCE=2 -O2 -isystem /home/yannbourgeois/mambaforge/include conftest.c >&5
configure:3554: $? = 0
configure:3563: result: yes
configure:3572: checking whether /home/yannbourgeois/mambaforge/bin/x86_64-conda-linux-gnu-cc accepts -g
configure:3592: /home/yannbourgeois/mambaforge/bin/x86_64-conda-linux-gnu-cc -c -g -DNDEBUG -D_FORTIFY_SOURCE=2 -O2 -isystem /home/yannbourgeois/mambaforge/include conftest.c >&5
configure:3592: $? = 0
configure:3633: result: yes
configure:3650: checking for /home/yannbourgeois/mambaforge/bin/x86_64-conda-linux-gnu-cc option to accept ISO C89
configure:3713: /home/yannbourgeois/mambaforge/bin/x86_64-conda-linux-gnu-cc  -c -march=nocona -mtune=haswell -ftree-vectorize -fPIC -fstack-protector-strong -fno-plt -O2 -ffunction-sections -pipe -isystem /home/yannbourgeois/mambaforge/include -DNDEBUG -D_FORTIFY_SOURCE=2 -O2 -isystem /home/yannbourgeois/mambaforge/include conftest.c >&5
configure:3713: $? = 0
configure:3726: result: none needed
configure:3751: checking whether /home/yannbourgeois/mambaforge/bin/x86_64-conda-linux-gnu-cc understands -c and -o together
configure:3773: /home/yannbourgeois/mambaforge/bin/x86_64-conda-linux-gnu-cc -c conftest.c -o conftest2.o
configure:3776: $? = 0
configure:3773: /home/yannbourgeois/mambaforge/bin/x86_64-conda-linux-gnu-cc -c conftest.c -o conftest2.o
configure:3776: $? = 0
configure:3788: result: yes
configure:3807: checking dependency style of /home/yannbourgeois/mambaforge/bin/x86_64-conda-linux-gnu-cc
configure:3918: result: gcc3
configure:3934: checking for gzopen in -lz
configure:3959: /home/yannbourgeois/mambaforge/bin/x86_64-conda-linux-gnu-cc -o conftest -march=nocona -mtune=haswell -ftree-vectorize -fPIC -fstack-protector-strong -fno-plt -O2 -ffunction-sections -pipe -isystem /home/yannbourgeois/mambaforge/include -DNDEBUG -D_FORTIFY_SOURCE=2 -O2 -isystem /home/yannbourgeois/mambaforge/include -Wl,-O2 -Wl,--sort-common -Wl,--as-needed -Wl,-z,relro -Wl,-z,now -Wl,--disable-new-dtags -Wl,--gc-sections -Wl,--allow-shlib-undefined -Wl,-rpath,/home/yannbourgeois/mambaforge/lib -Wl,-rpath-link,/home/yannbourgeois/mambaforge/lib -L/home/yannbourgeois/mambaforge/lib conftest.c -lz   >&5
configure:3959: $? = 0
configure:3968: result: yes
configure:3981: checking for cos in -lm
configure:4006: /home/yannbourgeois/mambaforge/bin/x86_64-conda-linux-gnu-cc -o conftest -march=nocona -mtune=haswell -ftree-vectorize -fPIC -fstack-protector-strong -fno-plt -O2 -ffunction-sections -pipe -isystem /home/yannbourgeois/mambaforge/include -DNDEBUG -D_FORTIFY_SOURCE=2 -O2 -isystem /home/yannbourgeois/mambaforge/include -Wl,-O2 -Wl,--sort-common -Wl,--as-needed -Wl,-z,relro -Wl,-z,now -Wl,--disable-new-dtags -Wl,--gc-sections -Wl,--allow-shlib-undefined -Wl,-rpath,/home/yannbourgeois/mambaforge/lib -Wl,-rpath-link,/home/yannbourgeois/mambaforge/lib -L/home/yannbourgeois/mambaforge/lib conftest.c -lm  -lz  >&5
conftest.c:19:6: warning: conflicting types for built-in function 'cos'; expected 'double(double)' [-Wbuiltin-declaration-mismatch]
   19 | char cos ();
      |      ^~~
conftest.c:1:1: note: 'cos' is declared in header '<math.h>'
    1 | /* confdefs.h */
configure:4006: $? = 0
configure:4015: result: yes
configure:4026: checking for cblas_dgemm in -lgslcblas
configure:4051: /home/yannbourgeois/mambaforge/bin/x86_64-conda-linux-gnu-cc -o conftest -march=nocona -mtune=haswell -ftree-vectorize -fPIC -fstack-protector-strong -fno-plt -O2 -ffunction-sections -pipe -isystem /home/yannbourgeois/mambaforge/include -DNDEBUG -D_FORTIFY_SOURCE=2 -O2 -isystem /home/yannbourgeois/mambaforge/include -Wl,-O2 -Wl,--sort-common -Wl,--as-needed -Wl,-z,relro -Wl,-z,now -Wl,--disable-new-dtags -Wl,--gc-sections -Wl,--allow-shlib-undefined -Wl,-rpath,/home/yannbourgeois/mambaforge/lib -Wl,-rpath-link,/home/yannbourgeois/mambaforge/lib -L/home/yannbourgeois/mambaforge/lib conftest.c -lgslcblas  -lm -lz  >&5
configure:4051: $? = 0
configure:4060: result: yes
configure:4073: checking for gsl_blas_dgemm in -lgsl
configure:4098: /home/yannbourgeois/mambaforge/bin/x86_64-conda-linux-gnu-cc -o conftest -march=nocona -mtune=haswell -ftree-vectorize -fPIC -fstack-protector-strong -fno-plt -O2 -ffunction-sections -pipe -isystem /home/yannbourgeois/mambaforge/include -DNDEBUG -D_FORTIFY_SOURCE=2 -O2 -isystem /home/yannbourgeois/mambaforge/include -Wl,-O2 -Wl,--sort-common -Wl,--as-needed -Wl,-z,relro -Wl,-z,now -Wl,--disable-new-dtags -Wl,--gc-sections -Wl,--allow-shlib-undefined -Wl,-rpath,/home/yannbourgeois/mambaforge/lib -Wl,-rpath-link,/home/yannbourgeois/mambaforge/lib -L/home/yannbourgeois/mambaforge/lib conftest.c -lgsl  -lgslcblas -lm -lz  >&5
configure:4098: $? = 0
configure:4107: result: yes
configure:4208: checking for boostlib >= 1.42
configure:4277: /home/yannbourgeois/mambaforge/bin/x86_64-conda-linux-gnu-c++ -c -fvisibility-inlines-hidden -fmessage-length=0 -march=nocona -mtune=haswell -ftree-vectorize -fPIC -fstack-protector-strong -fno-plt -O2 -ffunction-sections -pipe -isystem /home/yannbourgeois/mambaforge/include -DNDEBUG -D_FORTIFY_SOURCE=2 -O2 -isystem /home/yannbourgeois/mambaforge/include -I/usr/include conftest.cpp >&5
configure:4277: $? = 0
configure:4279: result: yes
configure:4529: checking that generated files are newer than configure
configure:4535: result: done
configure:4562: creating ./config.status

## ---------------------- ##
## Running config.status. ##
## ---------------------- ##

This file was extended by TreeMix config.status 1.13, which was
generated by GNU Autoconf 2.69.  Invocation command line was

  CONFIG_FILES    = 
  CONFIG_HEADERS  = 
  CONFIG_LINKS    = 
  CONFIG_COMMANDS = 
  $ ./config.status 

on MPLCLTLP0237

config.status:857: creating Makefile
config.status:857: creating src/Makefile
config.status:857: creating config.h
config.status:1038: config.h is unchanged
config.status:1086: executing depfiles commands

## ---------------- ##
## Cache variables. ##
## ---------------- ##

ac_cv_c_compiler_gnu=yes
ac_cv_cxx_compiler_gnu=yes
ac_cv_env_CCC_set=
ac_cv_env_CCC_value=
ac_cv_env_CC_set=set
ac_cv_env_CC_value=/home/yannbourgeois/mambaforge/bin/x86_64-conda-linux-gnu-cc
ac_cv_env_CFLAGS_set=set
ac_cv_env_CFLAGS_value='-march=nocona -mtune=haswell -ftree-vectorize -fPIC -fstack-protector-strong -fno-plt -O2 -ffunction-sections -pipe -isystem /home/yannbourgeois/mambaforge/include'
ac_cv_env_CPPFLAGS_set=set
ac_cv_env_CPPFLAGS_value='-DNDEBUG -D_FORTIFY_SOURCE=2 -O2 -isystem /home/yannbourgeois/mambaforge/include'
ac_cv_env_CXXFLAGS_set=set
ac_cv_env_CXXFLAGS_value='-fvisibility-inlines-hidden -fmessage-length=0 -march=nocona -mtune=haswell -ftree-vectorize -fPIC -fstack-protector-strong -fno-plt -O2 -ffunction-sections -pipe -isystem /home/yannbourgeois/mambaforge/include'
ac_cv_env_CXX_set=set
ac_cv_env_CXX_value=/home/yannbourgeois/mambaforge/bin/x86_64-conda-linux-gnu-c++
ac_cv_env_LDFLAGS_set=set
ac_cv_env_LDFLAGS_value='-Wl,-O2 -Wl,--sort-common -Wl,--as-needed -Wl,-z,relro -Wl,-z,now -Wl,--disable-new-dtags -Wl,--gc-sections -Wl,--allow-shlib-undefined -Wl,-rpath,/home/yannbourgeois/mambaforge/lib -Wl,-rpath-link,/home/yannbourgeois/mambaforge/lib -L/home/yannbourgeois/mambaforge/lib'
ac_cv_env_LIBS_set=
ac_cv_env_LIBS_value=
ac_cv_env_build_alias_set=set
ac_cv_env_build_alias_value=x86_64-conda-linux-gnu
ac_cv_env_host_alias_set=set
ac_cv_env_host_alias_value=x86_64-conda-linux-gnu
ac_cv_env_target_alias_set=
ac_cv_env_target_alias_value=
ac_cv_lib_gsl_gsl_blas_dgemm=yes
ac_cv_lib_gslcblas_cblas_dgemm=yes
ac_cv_lib_m_cos=yes
ac_cv_lib_z_gzopen=yes
ac_cv_objext=o
ac_cv_path_install='/usr/bin/install -c'
ac_cv_path_mkdir=/usr/bin/mkdir
ac_cv_prog_AWK=gawk
ac_cv_prog_CC=/home/yannbourgeois/mambaforge/bin/x86_64-conda-linux-gnu-cc
ac_cv_prog_cc_c89=
ac_cv_prog_cc_g=yes
ac_cv_prog_cxx_g=yes
ac_cv_prog_make_make_set=yes
am_cv_CC_dependencies_compiler_type=gcc3
am_cv_CXX_dependencies_compiler_type=gcc3
am_cv_make_support_nested_variables=yes
am_cv_prog_cc_c_o=yes

## ----------------- ##
## Output variables. ##
## ----------------- ##

ACLOCAL='aclocal-1.15'
AMDEPBACKSLASH='\'
AMDEP_FALSE='#'
AMDEP_TRUE=''
AMTAR='$${TAR-tar}'
AM_BACKSLASH='\'
AM_DEFAULT_V='$(AM_DEFAULT_VERBOSITY)'
AM_DEFAULT_VERBOSITY='1'
AM_V='$(V)'
AUTOCONF='autoconf'
AUTOHEADER='autoheader'
AUTOMAKE='automake-1.15'
AWK='gawk'
BOOST_CPPFLAGS='-I/usr/include'
BOOST_LDFLAGS='-L/usr/lib64'
CC='/home/yannbourgeois/mambaforge/bin/x86_64-conda-linux-gnu-cc'
CCDEPMODE='depmode=gcc3'
CFLAGS='-march=nocona -mtune=haswell -ftree-vectorize -fPIC -fstack-protector-strong -fno-plt -O2 -ffunction-sections -pipe -isystem /home/yannbourgeois/mambaforge/include'
CPPFLAGS='-DNDEBUG -D_FORTIFY_SOURCE=2 -O2 -isystem /home/yannbourgeois/mambaforge/include -I/usr/include'
CXX='/home/yannbourgeois/mambaforge/bin/x86_64-conda-linux-gnu-c++'
CXXDEPMODE='depmode=gcc3'
CXXFLAGS='-fvisibility-inlines-hidden -fmessage-length=0 -march=nocona -mtune=haswell -ftree-vectorize -fPIC -fstack-protector-strong -fno-plt -O2 -ffunction-sections -pipe -isystem /home/yannbourgeois/mambaforge/include'
CYGPATH_W='echo'
DEFS='-DHAVE_CONFIG_H'
DEPDIR='.deps'
ECHO_C=''
ECHO_N='-n'
ECHO_T=''
EXEEXT=''
INSTALL_DATA='${INSTALL} -m 644'
INSTALL_PROGRAM='${INSTALL}'
INSTALL_SCRIPT='${INSTALL}'
INSTALL_STRIP_PROGRAM='$(install_sh) -c -s'
LDFLAGS='-Wl,-O2 -Wl,--sort-common -Wl,--as-needed -Wl,-z,relro -Wl,-z,now -Wl,--disable-new-dtags -Wl,--gc-sections -Wl,--allow-shlib-undefined -Wl,-rpath,/home/yannbourgeois/mambaforge/lib -Wl,-rpath-link,/home/yannbourgeois/mambaforge/lib -L/home/yannbourgeois/mambaforge/lib'
LIBOBJS=''
LIBS='-lgsl -lgslcblas -lm -lz '
LTLIBOBJS=''
MAKEINFO='makeinfo'
MKDIR_P='/usr/bin/mkdir -p'
OBJEXT='o'
PACKAGE='treemix'
PACKAGE_BUGREPORT='joepickrell@gmail.com'
PACKAGE_NAME='TreeMix'
PACKAGE_STRING='TreeMix 1.13'
PACKAGE_TARNAME='treemix'
PACKAGE_URL='http://treemix.googlecode.com/'
PACKAGE_VERSION='1.13'
PATH_SEPARATOR=':'
SET_MAKE=''
SHELL='/bin/bash'
STRIP='/home/yannbourgeois/mambaforge/bin/x86_64-conda-linux-gnu-strip'
VERSION='1.13'
ac_ct_CC=''
ac_ct_CXX=''
am__EXEEXT_FALSE=''
am__EXEEXT_TRUE='#'
am__fastdepCC_FALSE='#'
am__fastdepCC_TRUE=''
am__fastdepCXX_FALSE='#'
am__fastdepCXX_TRUE=''
am__include='include'
am__isrc=''
am__leading_dot='.'
am__nodep='_no'
am__quote=''
am__tar='$${TAR-tar} chof - "$$tardir"'
am__untar='$${TAR-tar} xf -'
bindir='${exec_prefix}/bin'
build_alias='x86_64-conda-linux-gnu'
datadir='${datarootdir}'
datarootdir='${prefix}/share'
docdir='${datarootdir}/doc/${PACKAGE_TARNAME}'
dvidir='${docdir}'
exec_prefix='${prefix}'
host_alias='x86_64-conda-linux-gnu'
htmldir='${docdir}'
includedir='${prefix}/include'
infodir='${datarootdir}/info'
install_sh='${SHELL} /home/yannbourgeois/Desktop/TEACHING/Physalia/Workshops/Workshop_Structure_ADMIXTURE/treemix-1.13/install-sh'
libdir='${exec_prefix}/lib'
libexecdir='${exec_prefix}/libexec'
localedir='${datarootdir}/locale'
localstatedir='${prefix}/var'
mandir='${datarootdir}/man'
mkdir_p='$(MKDIR_P)'
oldincludedir='/usr/include'
pdfdir='${docdir}'
prefix='/usr/local'
program_transform_name='s,x,x,'
psdir='${docdir}'
sbindir='${exec_prefix}/sbin'
sharedstatedir='${prefix}/com'
sysconfdir='${prefix}/etc'
target_alias=''

## ----------- ##
## confdefs.h. ##
## ----------- ##

/* confdefs.h */
#define PACKAGE_NAME "TreeMix"
#define PACKAGE_TARNAME "treemix"
#define PACKAGE_VERSION "1.13"
#define PACKAGE_STRING "TreeMix 1.13"
#define PACKAGE_BUGREPORT "joepickrell@gmail.com"
#define PACKAGE_URL "http://treemix.googlecode.com/"
#define PACKAGE "treemix"
#define VERSION "1.13"
#define HAVE_LIBZ 1
#define HAVE_LIBM 1
#define HAVE_LIBGSLCBLAS 1
#define HAVE_LIBGSL 1
#define HAVE_BOOST /**/

configure: exit 0
