****                   ADMIXTURE Version 1.3.0                  ****
****                    Copyright 2008-2015                     ****
****           David Alexander, Suyash Shringarpure,            ****
****                John  Novembre, Ken Lange                   ****
****                                                            ****
****                 Please cite our paper!                     ****
****   Information at www.genetics.ucla.edu/software/admixture  ****

Cross-validation will be performed.  Folds=10.
Random seed: 43
Point estimation method: Block relaxation algorithm
Convergence acceleration algorithm: QuasiNewton, 3 secant conditions
Point estimation will terminate when objective function delta < 0.0001
Estimation of standard errors disabled; will compute point estimates only.
Size of G: 105x1282
Performing five EM steps to prime main algorithm
1 (EM) 	Elapsed: 0.03	Loglikelihood: -74241.7	(delta): 119100
2 (EM) 	Elapsed: 0.03	Loglikelihood: -69061.7	(delta): 5180.05
3 (EM) 	Elapsed: 0.029	Loglikelihood: -67215.8	(delta): 1845.82
4 (EM) 	Elapsed: 0.029	Loglikelihood: -65344.2	(delta): 1871.65
5 (EM) 	Elapsed: 0.029	Loglikelihood: -63193.8	(delta): 2150.39
Initial loglikelihood: -63193.8
Starting main algorithm
1 (QN/Block) 	Elapsed: 0.103	Loglikelihood: -40254.5	(delta): 22939.3
2 (QN/Block) 	Elapsed: 0.102	Loglikelihood: -35021.1	(delta): 5233.36
3 (QN/Block) 	Elapsed: 0.108	Loglikelihood: -32982.1	(delta): 2039.04
4 (QN/Block) 	Elapsed: 0.109	Loglikelihood: -32064.9	(delta): 917.213
5 (QN/Block) 	Elapsed: 0.107	Loglikelihood: -31639	(delta): 425.891
6 (QN/Block) 	Elapsed: 0.106	Loglikelihood: -31489.9	(delta): 149.067
7 (QN/Block) 	Elapsed: 0.109	Loglikelihood: -31377.9	(delta): 112.054
8 (QN/Block) 	Elapsed: 0.113	Loglikelihood: -31011.3	(delta): 366.515
9 (QN/Block) 	Elapsed: 0.113	Loglikelihood: -30843.8	(delta): 167.535
10 (QN/Block) 	Elapsed: 0.107	Loglikelihood: -30808.4	(delta): 35.3921
11 (QN/Block) 	Elapsed: 0.113	Loglikelihood: -30786.3	(delta): 22.1617
12 (QN/Block) 	Elapsed: 0.112	Loglikelihood: -30771.9	(delta): 14.3551
13 (QN/Block) 	Elapsed: 0.113	Loglikelihood: -30764.7	(delta): 7.15761
14 (QN/Block) 	Elapsed: 0.113	Loglikelihood: -30760.6	(delta): 4.16723
15 (QN/Block) 	Elapsed: 0.108	Loglikelihood: -30757.7	(delta): 2.92202
16 (QN/Block) 	Elapsed: 0.108	Loglikelihood: -30756.1	(delta): 1.51096
17 (QN/Block) 	Elapsed: 0.112	Loglikelihood: -30752.5	(delta): 3.66805
18 (QN/Block) 	Elapsed: 0.106	Loglikelihood: -30752.1	(delta): 0.389365
19 (QN/Block) 	Elapsed: 0.114	Loglikelihood: -30752	(delta): 0.125693
20 (QN/Block) 	Elapsed: 0.106	Loglikelihood: -30751.9	(delta): 0.0663448
21 (QN/Block) 	Elapsed: 0.11	Loglikelihood: -30751.9	(delta): 0.0248242
22 (QN/Block) 	Elapsed: 0.106	Loglikelihood: -30751.9	(delta): 0.0179448
23 (QN/Block) 	Elapsed: 0.106	Loglikelihood: -30751.9	(delta): 0.00233595
24 (QN/Block) 	Elapsed: 0.107	Loglikelihood: -30751.9	(delta): 0.000327091
25 (QN/Block) 	Elapsed: 0.106	Loglikelihood: -30751.9	(delta): 5.33235e-05
Summary: 
Converged in 25 iterations (2.945 sec)
Loglikelihood: -30751.850677
Fst divergences between estimated populations: 
	Pop0	Pop1	Pop2	Pop3	Pop4	Pop5	Pop6	Pop7	Pop8	
Pop0	
Pop1	0.676	
Pop2	0.387	0.726	
Pop3	0.355	0.694	0.281	
Pop4	0.663	0.776	0.715	0.685	
Pop5	0.575	0.839	0.746	0.707	0.834	
Pop6	0.390	0.735	0.333	0.324	0.721	0.749	
Pop7	0.602	0.804	0.639	0.596	0.792	0.833	0.657	
Pop8	0.423	0.737	0.210	0.325	0.725	0.759	0.345	0.647	
Pop9	0.493	0.712	0.514	0.471	0.698	0.721	0.536	0.423	0.531	
CV error (K=10): 0.24611
Writing output files.
