****                   ADMIXTURE Version 1.3.0                  ****
****                    Copyright 2008-2015                     ****
****           David Alexander, Suyash Shringarpure,            ****
****                John  Novembre, Ken Lange                   ****
****                                                            ****
****                 Please cite our paper!                     ****
****   Information at www.genetics.ucla.edu/software/admixture  ****

Cross-validation will be performed.  Folds=10.
Random seed: 43
Point estimation method: Block relaxation algorithm
Convergence acceleration algorithm: QuasiNewton, 3 secant conditions
Point estimation will terminate when objective function delta < 0.0001
Estimation of standard errors disabled; will compute point estimates only.
Size of G: 105x1282
Performing five EM steps to prime main algorithm
1 (EM) 	Elapsed: 0.005	Loglikelihood: -72753.4	(delta): 161231
2 (EM) 	Elapsed: 0.005	Loglikelihood: -69750.1	(delta): 3003.3
3 (EM) 	Elapsed: 0.004	Loglikelihood: -68898.9	(delta): 851.145
4 (EM) 	Elapsed: 0.005	Loglikelihood: -68388.5	(delta): 510.431
5 (EM) 	Elapsed: 0.004	Loglikelihood: -68047.9	(delta): 340.601
Initial loglikelihood: -68047.9
Starting main algorithm
1 (QN/Block) 	Elapsed: 0.014	Loglikelihood: -63170.8	(delta): 4877.08
2 (QN/Block) 	Elapsed: 0.013	Loglikelihood: -61603	(delta): 1567.84
3 (QN/Block) 	Elapsed: 0.016	Loglikelihood: -60101.3	(delta): 1501.67
4 (QN/Block) 	Elapsed: 0.02	Loglikelihood: -59746.5	(delta): 354.808
5 (QN/Block) 	Elapsed: 0.016	Loglikelihood: -59527.4	(delta): 219.14
6 (QN/Block) 	Elapsed: 0.016	Loglikelihood: -59399.2	(delta): 128.18
7 (QN/Block) 	Elapsed: 0.019	Loglikelihood: -59381.7	(delta): 17.5036
8 (QN/Block) 	Elapsed: 0.018	Loglikelihood: -59380.8	(delta): 0.885804
9 (QN/Block) 	Elapsed: 0.016	Loglikelihood: -59380.8	(delta): 0.000989511
10 (QN/Block) 	Elapsed: 0.019	Loglikelihood: -59380.8	(delta): 5.6476e-05
Summary: 
Converged in 10 iterations (0.216 sec)
Loglikelihood: -59380.795187
Fst divergences between estimated populations: 
	Pop0	
Pop0	
Pop1	0.302	
CV error (K=2): 0.37835
Writing output files.
