****                   ADMIXTURE Version 1.3.0                  ****
****                    Copyright 2008-2015                     ****
****           David Alexander, Suyash Shringarpure,            ****
****                John  Novembre, Ken Lange                   ****
****                                                            ****
****                 Please cite our paper!                     ****
****   Information at www.genetics.ucla.edu/software/admixture  ****

Cross-validation will be performed.  Folds=10.
Random seed: 43
Point estimation method: Block relaxation algorithm
Convergence acceleration algorithm: QuasiNewton, 3 secant conditions
Point estimation will terminate when objective function delta < 0.0001
Estimation of standard errors disabled; will compute point estimates only.
Size of G: 105x1282
Performing five EM steps to prime main algorithm
1 (EM) 	Elapsed: 0.007	Loglikelihood: -73903.3	(delta): 142347
2 (EM) 	Elapsed: 0.006	Loglikelihood: -70121.5	(delta): 3781.82
3 (EM) 	Elapsed: 0.007	Loglikelihood: -69071.6	(delta): 1049.82
4 (EM) 	Elapsed: 0.007	Loglikelihood: -68238.5	(delta): 833.158
5 (EM) 	Elapsed: 0.006	Loglikelihood: -67461.9	(delta): 776.545
Initial loglikelihood: -67461.9
Starting main algorithm
1 (QN/Block) 	Elapsed: 0.019	Loglikelihood: -52795.9	(delta): 14666
2 (QN/Block) 	Elapsed: 0.02	Loglikelihood: -49998.3	(delta): 2797.59
3 (QN/Block) 	Elapsed: 0.023	Loglikelihood: -48456.4	(delta): 1541.91
4 (QN/Block) 	Elapsed: 0.028	Loglikelihood: -45971.1	(delta): 2485.32
5 (QN/Block) 	Elapsed: 0.029	Loglikelihood: -43590.9	(delta): 2380.19
6 (QN/Block) 	Elapsed: 0.025	Loglikelihood: -43145.3	(delta): 445.602
7 (QN/Block) 	Elapsed: 0.024	Loglikelihood: -43017.6	(delta): 127.733
8 (QN/Block) 	Elapsed: 0.024	Loglikelihood: -42992	(delta): 25.5824
9 (QN/Block) 	Elapsed: 0.024	Loglikelihood: -42986.8	(delta): 5.14391
10 (QN/Block) 	Elapsed: 0.025	Loglikelihood: -42986.5	(delta): 0.317223
11 (QN/Block) 	Elapsed: 0.026	Loglikelihood: -42986.5	(delta): 0.000164525
12 (QN/Block) 	Elapsed: 0.023	Loglikelihood: -42986.5	(delta): 8.50072e-07
Summary: 
Converged in 12 iterations (0.356 sec)
Loglikelihood: -42986.518245
Fst divergences between estimated populations: 
	Pop0	Pop1	
Pop0	
Pop1	0.379	
Pop2	0.522	0.658	
CV error (K=3): 0.25816
Writing output files.
