****                   ADMIXTURE Version 1.3.0                  ****
****                    Copyright 2008-2015                     ****
****           David Alexander, Suyash Shringarpure,            ****
****                John  Novembre, Ken Lange                   ****
****                                                            ****
****                 Please cite our paper!                     ****
****   Information at www.genetics.ucla.edu/software/admixture  ****

Cross-validation will be performed.  Folds=10.
Random seed: 43
Point estimation method: Block relaxation algorithm
Convergence acceleration algorithm: QuasiNewton, 3 secant conditions
Point estimation will terminate when objective function delta < 0.0001
Estimation of standard errors disabled; will compute point estimates only.
Size of G: 105x1282
Performing five EM steps to prime main algorithm
1 (EM) 	Elapsed: 0.009	Loglikelihood: -74404.1	(delta): 134144
2 (EM) 	Elapsed: 0.009	Loglikelihood: -70274.1	(delta): 4129.92
3 (EM) 	Elapsed: 0.009	Loglikelihood: -69136.6	(delta): 1137.52
4 (EM) 	Elapsed: 0.009	Loglikelihood: -68188.2	(delta): 948.445
5 (EM) 	Elapsed: 0.009	Loglikelihood: -67166.4	(delta): 1021.75
Initial loglikelihood: -67166.4
Starting main algorithm
1 (QN/Block) 	Elapsed: 0.027	Loglikelihood: -50354.7	(delta): 16811.7
2 (QN/Block) 	Elapsed: 0.027	Loglikelihood: -48181.7	(delta): 2173
3 (QN/Block) 	Elapsed: 0.03	Loglikelihood: -47529.9	(delta): 651.776
4 (QN/Block) 	Elapsed: 0.034	Loglikelihood: -46269.2	(delta): 1260.76
5 (QN/Block) 	Elapsed: 0.034	Loglikelihood: -44682.3	(delta): 1586.89
6 (QN/Block) 	Elapsed: 0.034	Loglikelihood: -43248.8	(delta): 1433.45
7 (QN/Block) 	Elapsed: 0.031	Loglikelihood: -42779.1	(delta): 469.739
8 (QN/Block) 	Elapsed: 0.03	Loglikelihood: -42701.1	(delta): 78.0374
9 (QN/Block) 	Elapsed: 0.033	Loglikelihood: -42661.3	(delta): 39.7994
10 (QN/Block) 	Elapsed: 0.034	Loglikelihood: -41283.2	(delta): 1378.05
11 (QN/Block) 	Elapsed: 0.034	Loglikelihood: -40503.8	(delta): 779.354
12 (QN/Block) 	Elapsed: 0.031	Loglikelihood: -40424.4	(delta): 79.4536
13 (QN/Block) 	Elapsed: 0.034	Loglikelihood: -40396.2	(delta): 28.1826
14 (QN/Block) 	Elapsed: 0.03	Loglikelihood: -40377.2	(delta): 19.0247
15 (QN/Block) 	Elapsed: 0.033	Loglikelihood: -40373.4	(delta): 3.76127
16 (QN/Block) 	Elapsed: 0.029	Loglikelihood: -40371.3	(delta): 2.08716
17 (QN/Block) 	Elapsed: 0.035	Loglikelihood: -40371.3	(delta): 0.0474921
18 (QN/Block) 	Elapsed: 0.03	Loglikelihood: -40371.3	(delta): 0.000109713
19 (QN/Block) 	Elapsed: 0.03	Loglikelihood: -40371.3	(delta): 2.22233e-06
Summary: 
Converged in 19 iterations (0.691 sec)
Loglikelihood: -40371.292303
Fst divergences between estimated populations: 
	Pop0	Pop1	Pop2	
Pop0	
Pop1	0.710	
Pop2	0.560	0.423	
Pop3	0.544	0.242	0.350	
CV error (K=4): 0.24509
Writing output files.
