****                   ADMIXTURE Version 1.3.0                  ****
****                    Copyright 2008-2015                     ****
****           David Alexander, Suyash Shringarpure,            ****
****                John  Novembre, Ken Lange                   ****
****                                                            ****
****                 Please cite our paper!                     ****
****   Information at www.genetics.ucla.edu/software/admixture  ****

Cross-validation will be performed.  Folds=10.
Random seed: 43
Point estimation method: Block relaxation algorithm
Convergence acceleration algorithm: QuasiNewton, 3 secant conditions
Point estimation will terminate when objective function delta < 0.0001
Estimation of standard errors disabled; will compute point estimates only.
Size of G: 105x1282
Performing five EM steps to prime main algorithm
1 (EM) 	Elapsed: 0.012	Loglikelihood: -74538.4	(delta): 131000
2 (EM) 	Elapsed: 0.011	Loglikelihood: -70149.6	(delta): 4388.82
3 (EM) 	Elapsed: 0.012	Loglikelihood: -68963.7	(delta): 1185.84
4 (EM) 	Elapsed: 0.012	Loglikelihood: -67962.2	(delta): 1001.49
5 (EM) 	Elapsed: 0.011	Loglikelihood: -66857.6	(delta): 1104.61
Initial loglikelihood: -66857.6
Starting main algorithm
1 (QN/Block) 	Elapsed: 0.036	Loglikelihood: -46476.9	(delta): 20380.8
2 (QN/Block) 	Elapsed: 0.036	Loglikelihood: -41832.5	(delta): 4644.37
3 (QN/Block) 	Elapsed: 0.04	Loglikelihood: -40205.1	(delta): 1627.34
4 (QN/Block) 	Elapsed: 0.039	Loglikelihood: -39415.5	(delta): 789.629
5 (QN/Block) 	Elapsed: 0.039	Loglikelihood: -39118.5	(delta): 296.971
6 (QN/Block) 	Elapsed: 0.039	Loglikelihood: -39048.9	(delta): 69.6146
7 (QN/Block) 	Elapsed: 0.039	Loglikelihood: -39036.6	(delta): 12.3151
8 (QN/Block) 	Elapsed: 0.042	Loglikelihood: -39034.6	(delta): 2.01716
9 (QN/Block) 	Elapsed: 0.039	Loglikelihood: -39034.2	(delta): 0.441235
10 (QN/Block) 	Elapsed: 0.039	Loglikelihood: -39034.1	(delta): 0.0619025
11 (QN/Block) 	Elapsed: 0.039	Loglikelihood: -39034.1	(delta): 0.0132297
12 (QN/Block) 	Elapsed: 0.039	Loglikelihood: -39034.1	(delta): 0.000506117
13 (QN/Block) 	Elapsed: 0.039	Loglikelihood: -39034.1	(delta): 5.35105e-05
Summary: 
Converged in 13 iterations (0.604 sec)
Loglikelihood: -39034.084947
Fst divergences between estimated populations: 
	Pop0	Pop1	Pop2	Pop3	
Pop0	
Pop1	0.728	
Pop2	0.666	0.236	
Pop3	0.563	0.437	0.399	
Pop4	0.525	0.373	0.292	0.397	
CV error (K=5): 0.24212
Writing output files.
