****                   ADMIXTURE Version 1.3.0                  ****
****                    Copyright 2008-2015                     ****
****           David Alexander, Suyash Shringarpure,            ****
****                John  Novembre, Ken Lange                   ****
****                                                            ****
****                 Please cite our paper!                     ****
****   Information at www.genetics.ucla.edu/software/admixture  ****

Cross-validation will be performed.  Folds=10.
Random seed: 43
Point estimation method: Block relaxation algorithm
Convergence acceleration algorithm: QuasiNewton, 3 secant conditions
Point estimation will terminate when objective function delta < 0.0001
Estimation of standard errors disabled; will compute point estimates only.
Size of G: 105x1282
Performing five EM steps to prime main algorithm
1 (EM) 	Elapsed: 0.015	Loglikelihood: -74435.6	(delta): 126275
2 (EM) 	Elapsed: 0.015	Loglikelihood: -69960.8	(delta): 4474.83
3 (EM) 	Elapsed: 0.015	Loglikelihood: -68756.1	(delta): 1204.62
4 (EM) 	Elapsed: 0.015	Loglikelihood: -67762.6	(delta): 993.554
5 (EM) 	Elapsed: 0.015	Loglikelihood: -66718.4	(delta): 1044.23
Initial loglikelihood: -66718.4
Starting main algorithm
1 (QN/Block) 	Elapsed: 0.046	Loglikelihood: -44518.5	(delta): 22199.9
2 (QN/Block) 	Elapsed: 0.047	Loglikelihood: -37490.2	(delta): 7028.27
3 (QN/Block) 	Elapsed: 0.056	Loglikelihood: -35977.8	(delta): 1512.45
4 (QN/Block) 	Elapsed: 0.05	Loglikelihood: -35124.1	(delta): 853.69
5 (QN/Block) 	Elapsed: 0.051	Loglikelihood: -34711	(delta): 413.058
6 (QN/Block) 	Elapsed: 0.051	Loglikelihood: -34546.1	(delta): 164.969
7 (QN/Block) 	Elapsed: 0.051	Loglikelihood: -34433.1	(delta): 113.007
8 (QN/Block) 	Elapsed: 0.05	Loglikelihood: -34391.3	(delta): 41.7526
9 (QN/Block) 	Elapsed: 0.051	Loglikelihood: -34386.6	(delta): 4.67261
10 (QN/Block) 	Elapsed: 0.05	Loglikelihood: -34385.6	(delta): 0.995978
11 (QN/Block) 	Elapsed: 0.05	Loglikelihood: -34385.5	(delta): 0.0846879
12 (QN/Block) 	Elapsed: 0.05	Loglikelihood: -34385.5	(delta): 0.0343368
13 (QN/Block) 	Elapsed: 0.049	Loglikelihood: -34385.5	(delta): 0.00529153
14 (QN/Block) 	Elapsed: 0.049	Loglikelihood: -34385.5	(delta): 0.000911268
15 (QN/Block) 	Elapsed: 0.05	Loglikelihood: -34385.5	(delta): 0.00020073
16 (QN/Block) 	Elapsed: 0.05	Loglikelihood: -34385.5	(delta): 1.39864e-05
Summary: 
Converged in 16 iterations (0.922 sec)
Loglikelihood: -34385.506934
Fst divergences between estimated populations: 
	Pop0	Pop1	Pop2	Pop3	Pop4	
Pop0	
Pop1	0.534	
Pop2	0.707	0.622	
Pop3	0.768	0.559	0.768	
Pop4	0.517	0.292	0.626	0.669	
Pop5	0.564	0.361	0.664	0.722	0.220	
CV error (K=6): 0.21394
Writing output files.
